╔══════════════════════════════════════════════════════════════╗
║           ESTADO: PENDIENTE_URL_PRODUCCION                   ║
║           Fecha: 2025-12-16 21:12:48                 ║
╚══════════════════════════════════════════════════════════════╝

ESTADO ACTUAL: ⏸️ ESPERA CONTROLADA

PROYECTO:
✅ Build de producción exitoso (59M)
✅ Código estable y sin errores
✅ Configuración completa
✅ Scripts de validación preparados

DEPLOY:
⏳ Pendiente de completar en Vercel
⏳ URL de producción no disponible

FLUJO AUTOMÁTICO PREPARADO:
✅ Verificación de accesibilidad pública
✅ Test de registro de usuario
✅ Test de pago real mínimo (Stripe LIVE)
✅ Verificación en Stripe Dashboard → Payments
✅ Verificación en Supabase → users/subscriptions
✅ Generación de reporte final

RESTRICCIONES ACTIVAS:
❌ NO se aceptará localhost
❌ NO se ejecutarán validaciones sin URL
❌ NO se realizarán cambios de código
❌ NO se ejecutarán rebuilds

ESPERANDO:
⏳ URL de producción de Vercel (https://xxxx.vercel.app)

═══════════════════════════════════════════════════════════════

INSTRUCCIÓN:
Proporciona la URL de producción de Vercel para ejecutar
las validaciones automáticas y completar el proceso.

═══════════════════════════════════════════════════════════════
